<?xml version="1.0" encoding="UTF-8"?>
<!-- Generated by org.testng.reporters.JUnitReportReporter -->
<testsuite hostname="LSTKBG270607" failures="0" tests="1" name="com.qa.TestCase.Test_Allfunctionality" time="11.975" errors="0" timestamp="2023-09-14T13:41:08 IST" skipped="0">
  <testcase classname="com.qa.TestCase.Test_Allfunctionality" name="loginPageClick" time="11.975"/>
</testsuite> <!-- com.qa.TestCase.Test_Allfunctionality -->
