<?xml version="1.0" encoding="UTF-8"?>
<!-- Generated by org.testng.reporters.JUnitReportReporter -->
<testsuite hostname="LSTKBG270607" failures="0" tests="1" name="POM.testBrowserOpening" time="4.547" errors="0" timestamp="2023-07-27T15:37:58 IST" skipped="0">
  <testcase classname="POM.testBrowserOpening" name="browserTest" time="4.547"/>
  <system-out/>
</testsuite> <!-- POM.testBrowserOpening -->
