<?xml version="1.0" encoding="UTF-8"?>
<!-- Generated by org.testng.reporters.JUnitReportReporter -->
<testsuite hostname="DESKTOP-NLEH1OE" failures="0" tests="1" name="com.qa.TestCase.Test_Allfunctionality" time="16.497" errors="0" timestamp="2024-07-31T20:16:20 GMT-07:00" skipped="0">
  <testcase classname="com.qa.TestCase.Test_Allfunctionality" name="loginPageClick" time="16.497"/>
</testsuite> <!-- com.qa.TestCase.Test_Allfunctionality -->
