<?xml version="1.0" encoding="UTF-8"?>
<!-- Generated by org.testng.reporters.JUnitReportReporter -->
<testsuite hostname="DESKTOP-NLEH1OE" failures="0" tests="4" name="com.qa.TestCase.Test_Allfunctionality" time="22.120" errors="0" timestamp="2024-08-01T12:41:35 GMT-07:00" skipped="0">
  <testcase classname="com.qa.TestCase.Test_Allfunctionality" name="LoginPage" time="5.205"/>
  <testcase classname="com.qa.TestCase.Test_Allfunctionality" name="ScrollVertical" time="4.293"/>
  <testcase classname="com.qa.TestCase.Test_Allfunctionality" name="CartFunction" time="4.435"/>
  <testcase classname="com.qa.TestCase.Test_Allfunctionality" name="CheckoutFunction" time="8.187"/>
</testsuite> <!-- com.qa.TestCase.Test_Allfunctionality -->
